<?xml version="1.0" encoding="UTF-8"?>
<!-- Generated by org.testng.reporters.JUnitXMLReporter -->
<testsuite hostname="AR-NB-244" ignored="0" name="Command line test" tests="2" failures="0" timestamp="09 mar 2020 19:11:56 GMT" time="1.244" errors="0">
  <testcase name="testDisplay on testDisplay(com.maven.example.EmpleadoTest)" time="0.536" classname="com.maven.example.EmpleadoTest"/>
  <testcase name="testDisplay on testDisplay(com.maven.example.PersonaTest)" time="0.006" classname="com.maven.example.PersonaTest"/>
</testsuite> <!-- Command line test -->
